00:03:05: Creating resource group General
00:03:05: Creating resource group Internal
00:03:05: Creating resource group Autodetect
00:03:05: SceneManagerFactory for type 'DefaultSceneManager' registered.
00:03:05: Registering ResourceManager for type Material
00:03:05: Registering ResourceManager for type Mesh
00:03:05: Registering ResourceManager for type Skeleton
00:03:05: MovableObjectFactory for type 'ParticleSystem' registered.
00:03:05: OverlayElementFactory for type Panel registered.
00:03:05: OverlayElementFactory for type BorderPanel registered.
00:03:05: OverlayElementFactory for type TextArea registered.
00:03:05: Registering ResourceManager for type Font
00:03:05: ArchiveFactory for archive type FileSystem registered.
00:03:05: ArchiveFactory for archive type Zip registered.
00:03:05: DDS codec registering
00:03:05: FreeImage version: 3.13.1
00:03:05: This program uses FreeImage, a free, open source image library supporting all common bitmap formats. See http://freeimage.sourceforge.net for details
00:03:05: Supported formats: bmp,ico,jpg,jif,jpeg,jpe,jng,koa,iff,lbm,mng,pbm,pbm,pcd,pcx,pgm,pgm,png,ppm,ppm,ras,tga,targa,tif,tiff,wap,wbmp,wbm,psd,cut,xbm,xpm,gif,hdr,g3,sgi,exr,j2k,j2c,jp2,pfm,pct,pict,pic,bay,bmq,cr2,crw,cs1,dc2,dcr,dng,erf,fff,hdr,k25,kdc,mdc,mos,mrw,nef,orf,pef,pxn,raf,raw,rdc,sr2,srf,arw,3fr,cine,ia,kc2,mef,nrw,qtk,rw2,sti,drf,dsc,ptx,cap,iiq,rwz
00:03:05: Registering ResourceManager for type HighLevelGpuProgram
00:03:05: Registering ResourceManager for type Compositor
00:03:05: MovableObjectFactory for type 'Entity' registered.
00:03:05: MovableObjectFactory for type 'Light' registered.
00:03:05: MovableObjectFactory for type 'BillboardSet' registered.
00:03:05: MovableObjectFactory for type 'ManualObject' registered.
00:03:05: MovableObjectFactory for type 'BillboardChain' registered.
00:03:05: MovableObjectFactory for type 'RibbonTrail' registered.
00:03:05: Loading library /usr/lib/OGRE/RenderSystem_GL
00:03:05: Installing plugin: GL RenderSystem
00:03:05: OpenGL Rendering Subsystem created.
00:03:05: Plugin successfully installed
00:03:05: Loading library /usr/lib/OGRE/Plugin_ParticleFX
00:03:05: Installing plugin: ParticleFX
00:03:05: Particle Emitter Type 'Point' registered
00:03:05: Particle Emitter Type 'Box' registered
00:03:05: Particle Emitter Type 'Ellipsoid' registered
00:03:05: Particle Emitter Type 'Cylinder' registered
00:03:05: Particle Emitter Type 'Ring' registered
00:03:05: Particle Emitter Type 'HollowEllipsoid' registered
00:03:05: Particle Affector Type 'LinearForce' registered
00:03:05: Particle Affector Type 'ColourFader' registered
00:03:05: Particle Affector Type 'ColourFader2' registered
00:03:05: Particle Affector Type 'ColourImage' registered
00:03:05: Particle Affector Type 'ColourInterpolator' registered
00:03:05: Particle Affector Type 'Scaler' registered
00:03:05: Particle Affector Type 'Rotator' registered
00:03:05: Particle Affector Type 'DirectionRandomiser' registered
00:03:05: Particle Affector Type 'DeflectorPlane' registered
00:03:05: Plugin successfully installed
00:03:05: Loading library /usr/lib/OGRE/Plugin_BSPSceneManager
00:03:05: Installing plugin: BSP Scene Manager
00:03:05: Plugin successfully installed
00:03:05: Loading library /usr/lib/OGRE/Plugin_OctreeSceneManager
00:03:05: Installing plugin: Octree & Terrain Scene Manager
00:03:05: Plugin successfully installed
00:03:05: Loading library /usr/lib/OGRE/Plugin_CgProgramManager
00:03:05: Installing plugin: Cg Program Manager
00:03:05: Plugin successfully installed
00:03:05: *-*-* OGRE Initialising
00:03:05: *-*-* Version 1.7.1 (Cthugha)
00:03:05: CPU Identifier & Features
00:03:05: -------------------------
00:03:05:  *   CPU ID: GenuineIntel: Intel(R) Pentium(R) Dual  CPU  E2140  @ 1.60GHz
00:03:05:  *      SSE: yes
00:03:05:  *     SSE2: yes
00:03:05:  *     SSE3: yes
00:03:05:  *      MMX: yes
00:03:05:  *   MMXEXT: yes
00:03:05:  *    3DNOW: no
00:03:05:  * 3DNOWEXT: no
00:03:05:  *     CMOV: yes
00:03:05:  *      TSC: yes
00:03:05:  *      FPU: yes
00:03:05:  *      PRO: yes
00:03:05:  *       HT: no
00:03:05: -------------------------
00:03:05: ******************************
*** Starting GLX Subsystem ***
******************************
00:03:05: GLRenderSystem::_createRenderWindow "View37382640", 278x599 windowed  miscParams: parentWindowHandle=35644848:0:67109013 
00:03:05: GLXWindow::create used FBConfigID = 153
00:03:05: GL_VERSION = 2.1.2 NVIDIA 256.35
00:03:05: GL_VENDOR = NVIDIA Corporation
00:03:05: GL_RENDERER = GeForce 7300 GT/PCI/SSE2
00:03:05: GL_EXTENSIONS = GL_ARB_color_buffer_float GL_ARB_copy_buffer GL_ARB_depth_clamp GL_ARB_depth_texture GL_ARB_draw_buffers GL_ARB_explicit_attrib_location GL_ARB_fragment_program GL_ARB_fragment_program_shadow GL_ARB_fragment_shader GL_ARB_framebuffer_object GL_ARB_half_float_pixel GL_ARB_half_float_vertex GL_ARB_imaging GL_ARB_map_buffer_range GL_ARB_multisample GL_ARB_multitexture GL_ARB_occlusion_query GL_ARB_occlusion_query2 GL_ARB_pixel_buffer_object GL_ARB_point_parameters GL_ARB_point_sprite GL_ARB_provoking_vertex GL_ARB_sampler_objects GL_ARB_shader_objects GL_ARB_shading_language_100 GL_ARB_shadow GL_ARB_texture_border_clamp GL_ARB_texture_compression GL_ARB_texture_cube_map GL_ARB_texture_env_add GL_ARB_texture_env_combine GL_ARB_texture_env_crossbar GL_ARB_texture_env_dot3 GL_ARB_texture_float GL_ARB_texture_mirrored_repeat GL_ARB_texture_non_power_of_two GL_ARB_texture_rectangle GL_ARB_texture_swizzle GL_ARB_timer_query GL_ARB_transpose_matrix GL_ARB_vertex_array_bgra GL_ARB_vertex_array_object GL_ARB_vertex_buffer_object GL_ARB_vertex_program GL_ARB_vertex_shader GL_ARB_window_pos GL_ATI_draw_buffers GL_ATI_texture_float GL_ATI_texture_mirror_once GL_S3_s3tc GL_EXT_texture_env_add GL_EXT_abgr GL_EXT_bgra GL_EXT_blend_color GL_EXT_blend_equation_separate GL_EXT_blend_func_separate GL_EXT_blend_minmax GL_EXT_blend_subtract GL_EXT_compiled_vertex_array GL_EXT_Cg_shader GL_EXT_depth_bounds_test GL_EXT_direct_state_access GL_EXT_draw_range_elements GL_EXT_fog_coord GL_EXT_framebuffer_blit GL_EXT_framebuffer_multisample GL_EXT_framebuffer_object GL_EXT_gpu_program_parameters GL_EXT_multi_draw_arrays GL_EXT_packed_depth_stencil GL_EXT_packed_pixels GL_EXT_pixel_buffer_object GL_EXT_point_parameters GL_EXT_provoking_vertex GL_EXT_rescale_normal GL_EXT_secondary_color GL_EXT_separate_shader_objects GL_EXT_separate_specular_color GL_EXT_shadow_funcs GL_EXT_stencil_two_side GL_EXT_stencil_wrap GL_EXT_texture3D GL_EXT_texture_compression_s3tc GL_EXT_texture_cube_map GL_EXT_texture_edge_clamp GL_EXT_texture_env_combine GL_EXT_texture_env_dot3 GL_EXT_texture_filter_anisotropic GL_EXT_texture_lod GL_EXT_texture_lod_bias GL_EXT_texture_mirror_clamp GL_EXT_texture_object GL_EXT_texture_sRGB GL_EXT_texture_swizzle GL_EXT_timer_query GL_EXT_vertex_array GL_EXT_vertex_array_bgra GL_IBM_rasterpos_clip GL_IBM_texture_mirrored_repeat GL_KTX_buffer_region GL_NV_blend_square GL_NV_copy_depth_to_color GL_NV_depth_clamp GL_NV_fence GL_NV_float_buffer GL_NV_fog_distance GL_NV_fragment_program GL_NV_fragment_program_option GL_NV_fragment_program2 GL_NV_framebuffer_multisample_coverage GL_NV_half_float GL_NV_light_max_exponent GL_NV_multisample_filter_hint GL_NV_occlusion_query GL_NV_packed_depth_stencil GL_NV_pixel_data_range GL_NV_point_sprite GL_NV_primitive_restart GL_NV_register_combiners GL_NV_register_combiners2 GL_NV_texgen_reflection GL_NV_texture_barrier GL_NV_texture_compression_vtc GL_NV_texture_env_combine4 GL_NV_texture_expand_normal GL_NV_texture_rectangle GL_NV_texture_shader GL_NV_texture_shader2 GL_NV_texture_shader3 GL_NV_vertex_array_range GL_NV_vertex_array_range2 GL_NV_vertex_program GL_NV_vertex_program1_1 GL_NV_vertex_program2 GL_NV_vertex_program2_option GL_NV_vertex_program3 GL_NVX_conditional_render GL_SGIS_generate_mipmap GL_SGIS_texture_lod GL_SGIX_depth_texture GL_SGIX_shadow GL_SUN_slice_accum 
00:03:05: Supported GLX extensions: GLX_EXT_visual_info GLX_EXT_visual_rating GLX_SGIX_fbconfig GLX_SGIX_pbuffer GLX_SGI_video_sync GLX_SGI_swap_control GLX_EXT_swap_control GLX_EXT_texture_from_pixmap GLX_ARB_create_context GLX_ARB_create_context_profile GLX_ARB_multisample GLX_NV_float_buffer GLX_ARB_fbconfig_float GLX_ARB_get_proc_address 
00:03:05: ***************************
00:03:05: *** GL Renderer Started ***
00:03:05: ***************************
00:03:05: Registering ResourceManager for type GpuProgram
00:03:05: GLSL support detected
00:03:05: GL: Using GL_EXT_framebuffer_object for rendering to textures (best)
00:03:05: FBO PF_UNKNOWN depth/stencil support: D16S0 D24S0 D32S0 Packed-D24S8 
00:03:05: FBO PF_R5G6B5 depth/stencil support: D0S0 D16S0 D24S0 D32S0 Packed-D24S8 
00:03:05: FBO PF_B5G6R5 depth/stencil support: D0S0 D16S0 D24S0 D32S0 Packed-D24S8 
00:03:05: FBO PF_R8G8B8 depth/stencil support: D0S0 D16S0 D24S0 D32S0 Packed-D24S8 
00:03:05: FBO PF_B8G8R8 depth/stencil support: D0S0 D16S0 D24S0 D32S0 Packed-D24S8 
00:03:05: FBO PF_A8R8G8B8 depth/stencil support: D0S0 D16S0 D24S0 D32S0 Packed-D24S8 
00:03:05: FBO PF_B8G8R8A8 depth/stencil support: D0S0 D16S0 D24S0 D32S0 Packed-D24S8 
00:03:05: FBO PF_A2R10G10B10 depth/stencil support: D0S0 D16S0 D24S0 D32S0 Packed-D24S8 
00:03:05: FBO PF_A2B10G10R10 depth/stencil support: D0S0 D16S0 D24S0 D32S0 Packed-D24S8 
00:03:05: FBO PF_FLOAT16_RGB depth/stencil support: D0S0 D16S0 D24S0 D32S0 Packed-D24S8 
00:03:05: FBO PF_FLOAT16_RGBA depth/stencil support: D0S0 D16S0 D24S0 D32S0 Packed-D24S8 
00:03:05: FBO PF_FLOAT32_RGB depth/stencil support: D0S0 D16S0 D24S0 D32S0 Packed-D24S8 
00:03:05: FBO PF_FLOAT32_RGBA depth/stencil support: D0S0 D16S0 D24S0 D32S0 Packed-D24S8 
00:03:05: FBO PF_X8R8G8B8 depth/stencil support: D0S0 D16S0 D24S0 D32S0 Packed-D24S8 
00:03:05: FBO PF_X8B8G8R8 depth/stencil support: D0S0 D16S0 D24S0 D32S0 Packed-D24S8 
00:03:05: FBO PF_SHORT_RGBA depth/stencil support: D0S0 D16S0 D24S0 D32S0 Packed-D24S8 
00:03:05: FBO PF_R3G3B2 depth/stencil support: D0S0 D16S0 D24S0 D32S0 Packed-D24S8 
00:03:05: FBO PF_SHORT_RGB depth/stencil support: D0S0 D16S0 D24S0 D32S0 Packed-D24S8 
00:03:05: [GL] : Valid FBO targets PF_UNKNOWN PF_R5G6B5 PF_B5G6R5 PF_R8G8B8 PF_B8G8R8 PF_A8R8G8B8 PF_B8G8R8A8 PF_A2R10G10B10 PF_A2B10G10R10 PF_FLOAT16_RGB PF_FLOAT16_RGBA PF_FLOAT32_RGB PF_FLOAT32_RGBA PF_X8R8G8B8 PF_X8B8G8R8 PF_SHORT_RGBA PF_R3G3B2 PF_SHORT_RGB 
00:03:05: RenderSystem capabilities
00:03:05: -------------------------
00:03:05: RenderSystem Name: OpenGL Rendering Subsystem
00:03:05: GPU Vendor: nvidia
00:03:05: Device Name: GeForce 7300 GT/PCI/SSE2
00:03:05: Driver Version: 2.1.2.0
00:03:05:  * Fixed function pipeline: yes
00:03:05:  * Hardware generation of mipmaps: yes
00:03:05:  * Texture blending: yes
00:03:05:  * Anisotropic texture filtering: yes
00:03:05:  * Dot product texture operation: yes
00:03:05:  * Cube mapping: yes
00:03:05:  * Hardware stencil buffer: yes
00:03:05:    - Stencil depth: 8
00:03:05:    - Two sided stencil support: yes
00:03:05:    - Wrap stencil values: yes
00:03:05:  * Hardware vertex / index buffers: yes
00:03:05:  * Vertex programs: yes
00:03:05:  * Number of floating-point constants for vertex programs: 256
00:03:05:  * Number of integer constants for vertex programs: 0
00:03:05:  * Number of boolean constants for vertex programs: 0
00:03:05:  * Fragment programs: yes
00:03:05:  * Number of floating-point constants for fragment programs: 512
00:03:05:  * Number of integer constants for fragment programs: 0
00:03:05:  * Number of boolean constants for fragment programs: 0
00:03:05:  * Geometry programs: no
00:03:05:  * Number of floating-point constants for geometry programs: 0
00:03:05:  * Number of integer constants for geometry programs: 0
00:03:05:  * Number of boolean constants for geometry programs: 0
00:03:05:  * Supported Shader Profiles: arbfp1 arbvp1 fp20 fp30 fp40 glsl vp30 vp40
00:03:05:  * Texture Compression: yes
00:03:05:    - DXT: yes
00:03:05:    - VTC: yes
00:03:05:    - PVRTC: no
00:03:05:  * Scissor Rectangle: yes
00:03:05:  * Hardware Occlusion Query: yes
00:03:05:  * User clip planes: yes
00:03:05:  * VET_UBYTE4 vertex element type: yes
00:03:05:  * Infinite far plane projection: yes
00:03:05:  * Hardware render-to-texture: yes
00:03:05:  * Floating point textures: yes
00:03:05:  * Non-power-of-two textures: yes
00:03:05:  * Volume textures: yes
00:03:05:  * Multiple Render Targets: 4
00:03:05:    - With different bit depths: yes
00:03:05:  * Point Sprites: yes
00:03:05:  * Extended point parameters: yes
00:03:05:  * Max Point Size: 63.375
00:03:05:  * Vertex texture fetch: yes
00:03:05:  * Number of world matrices: 0
00:03:05:  * Number of texture units: 16
00:03:05:  * Stencil buffer depth: 8
00:03:05:  * Number of vertex blend matrices: 0
00:03:05:    - Max vertex textures: 4
00:03:05:    - Vertex textures shared: yes
00:03:05:  * Render to Vertex Buffer : no
00:03:05:  * GL 1.5 without VBO workaround: no
00:03:05:  * Frame Buffer objects: yes
00:03:05:  * Frame Buffer objects (ARB extension): no
00:03:05:  * Frame Buffer objects (ATI extension): no
00:03:05:  * PBuffer support: no
00:03:05:  * GL 1.5 without HW-occlusion workaround: no
00:03:05: Registering ResourceManager for type Texture
00:03:05: DefaultWorkQueue('Root') initialising on thread 0x23b14e0.
00:03:05: Particle Renderer Type 'billboard' registered
00:03:05: SceneManagerFactory for type 'BspSceneManager' registered.
00:03:05: Registering ResourceManager for type BspLevel
00:03:05: SceneManagerFactory for type 'OctreeSceneManager' registered.
00:03:05: SceneManagerFactory for type 'TerrainSceneManager' registered.
00:03:05: DefaultWorkQueue('Root')::WorkerFunc - thread 0x283e2e0 starting.
00:03:05: DefaultWorkQueue('Root')::WorkerFunc - thread 0x2394ff0 starting.
00:03:05: Added resource location 'Data/samples' of type 'FileSystem' to resource group 'General'
00:03:05: Parsing scripts for resource group Autodetect
00:03:05: Finished parsing scripts for resource group Autodetect
00:03:05: Parsing scripts for resource group General
00:03:05: Parsing script dwarf.material
00:03:05: Finished parsing scripts for resource group General
00:03:05: Parsing scripts for resource group Internal
00:03:05: Finished parsing scripts for resource group Internal
00:03:05: Mesh: Loading dwarf.mesh.
00:03:06: Skeleton: Loading dwarf.skeleton
00:03:06: WARNING: dwarf.mesh is an older format ([MeshSerializer_v1.30]); you should upgrade it as soon as possible using the OgreMeshUpgrade tool.
00:03:06: Texture: dwarf.jpg: Loading 1 faces(PF_R8G8B8,512x512x1) with 9 generated mipmaps from Image. Internal format is PF_X8R8G8B8,512x512x1.
00:03:25: DefaultWorkQueue('Root') shutting down on thread 0x23b14e0.
00:03:25: DefaultWorkQueue('Root')::WorkerFunc - thread 0x2394ff0 stopped.
00:03:25: DefaultWorkQueue('Root')::WorkerFunc - thread 0x283e2e0 stopped.
00:03:25: Unregistering ResourceManager for type BspLevel
00:03:25: *-*-* OGRE Shutdown
00:03:25: Unregistering ResourceManager for type Compositor
00:03:25: Unregistering ResourceManager for type Font
00:03:25: Unregistering ResourceManager for type Skeleton
00:03:25: Unregistering ResourceManager for type Mesh
00:03:25: Unregistering ResourceManager for type HighLevelGpuProgram
00:03:25: Uninstalling plugin: Cg Program Manager
00:03:25: Plugin successfully uninstalled
00:03:25: Unloading library /usr/lib/OGRE/Plugin_CgProgramManager
00:03:25: Uninstalling plugin: Octree & Terrain Scene Manager
00:03:25: Plugin successfully uninstalled
00:03:25: Unloading library /usr/lib/OGRE/Plugin_OctreeSceneManager
00:03:25: Uninstalling plugin: BSP Scene Manager
00:03:25: Plugin successfully uninstalled
00:03:25: Unloading library /usr/lib/OGRE/Plugin_BSPSceneManager
00:03:25: Uninstalling plugin: ParticleFX
00:03:25: Plugin successfully uninstalled
00:03:25: Unloading library /usr/lib/OGRE/Plugin_ParticleFX
00:03:25: Uninstalling plugin: GL RenderSystem
00:03:25: Unregistering ResourceManager for type GpuProgram
00:03:25: ******************************
*** Stopping GLX Subsystem ***
******************************
00:03:25: Unregistering ResourceManager for type Texture
00:03:25: Plugin successfully uninstalled
00:03:25: Unloading library /usr/lib/OGRE/RenderSystem_GL
00:03:25: Unregistering ResourceManager for type Material
